c:\users\megha\desktop\realproject_3\try1\shishir_project3\parser\x64\debug\parser.pdb
c:\users\megha\desktop\realproject_3\try1\shishir_project3\parser\x64\debug\parser.idb
c:\users\megha\desktop\realproject_3\try1\shishir_project3\parser\x64\debug\scopestack.obj
c:\users\megha\desktop\realproject_3\try1\shishir_project3\parser\x64\debug\semiexp.obj
c:\users\megha\desktop\realproject_3\try1\shishir_project3\parser\x64\debug\tokenizer.obj
c:\users\megha\desktop\realproject_3\try1\shishir_project3\parser\x64\debug\utilities.obj
c:\users\megha\desktop\realproject_3\try1\shishir_project3\parser\x64\debug\actionsandrules.obj
c:\users\megha\desktop\realproject_3\try1\shishir_project3\parser\x64\debug\astree.obj
c:\users\megha\desktop\realproject_3\try1\shishir_project3\parser\x64\debug\configureparser.obj
c:\users\megha\desktop\realproject_3\try1\shishir_project3\parser\x64\debug\metricsanalysis.obj
c:\users\megha\desktop\realproject_3\try1\shishir_project3\parser\x64\debug\parser.obj
c:\users\megha\desktop\realproject_3\try1\shishir_project3\parser\x64\debug\metricsexecutive.obj
c:\users\megha\desktop\realproject_3\try1\shishir_project3\x64\debug\parser.lib
c:\users\megha\desktop\realproject_3\try1\shishir_project3\x64\debug\parser.pdb
c:\users\megha\desktop\realproject_3\try1\shishir_project3\parser\x64\debug\parser.tlog\cl.command.1.tlog
c:\users\megha\desktop\realproject_3\try1\shishir_project3\parser\x64\debug\parser.tlog\cl.read.1.tlog
c:\users\megha\desktop\realproject_3\try1\shishir_project3\parser\x64\debug\parser.tlog\cl.write.1.tlog
c:\users\megha\desktop\realproject_3\try1\shishir_project3\parser\x64\debug\parser.tlog\lib-link.read.1.tlog
c:\users\megha\desktop\realproject_3\try1\shishir_project3\parser\x64\debug\parser.tlog\lib-link.write.1.tlog
c:\users\megha\desktop\realproject_3\try1\shishir_project3\parser\x64\debug\parser.tlog\lib.command.1.tlog
